2024-12-03 13:47:12 - Analyzer Log - Analyzer initialized for dataset 'Unnamed Dataset'.
2024-12-03 13:48:07 - Analyzer Log - Train dataset: dropped 140 examples with missing values out of 712 total examples.
2024-12-03 13:48:07 - Analyzer Log - Test dataset: dropped 37 examples with missing values out of 179 total examples.
2024-12-03 13:49:59 - Analyzer Log - Fitting model 'KMeansClust(5)'.
2024-12-03 13:49:59 - Analyzer Log - Train dataset: dropped 177 examples with missing values out of 891 total examples.
2024-12-03 13:49:59 - Analyzer Log - Test dataset: dropped 177 examples with missing values out of 891 total examples.
2024-12-03 13:49:59 - Analyzer Log - Identified 5 optimal clusters for 'KMeansClust(5)' via silhouette.
2024-12-03 13:49:59 - Analyzer Log - Successfully fitted model 'KMeansClust(5)'.
2024-12-03 13:50:31 - Analyzer Log - Fitting model 'GMMClust(5)'.
2024-12-03 13:50:31 - Analyzer Log - Train dataset: dropped 177 examples with missing values out of 891 total examples.
2024-12-03 13:50:31 - Analyzer Log - Test dataset: dropped 177 examples with missing values out of 891 total examples.
2024-12-03 13:50:31 - Analyzer Log - Successfully fitted model 'GMMClust(5)'.
2024-12-03 13:51:04 - Analyzer Log - Fitting model 'GMMClust(auto, max=10, criterion=bic)'.
2024-12-03 13:51:04 - Analyzer Log - Train dataset: dropped 177 examples with missing values out of 891 total examples.
2024-12-03 13:51:04 - Analyzer Log - Test dataset: dropped 177 examples with missing values out of 891 total examples.
2024-12-03 13:51:04 - Analyzer Log - Identified 9 optimal clusters for 'GMMClust(auto, max=10, criterion=bic)' via bic.
2024-12-03 13:51:04 - Analyzer Log - Successfully fitted model 'GMMClust(auto, max=10, criterion=bic)'.
2024-12-03 13:51:38 - Analyzer Log - Fitting model 'KMeansClust(8)'.
2024-12-03 13:51:38 - Analyzer Log - Train dataset: dropped 177 examples with missing values out of 891 total examples.
2024-12-03 13:51:38 - Analyzer Log - Test dataset: dropped 177 examples with missing values out of 891 total examples.
2024-12-03 13:51:38 - Analyzer Log - Identified 8 optimal clusters for 'KMeansClust(8)' via silhouette.
2024-12-03 13:51:38 - Analyzer Log - Successfully fitted model 'KMeansClust(8)'.
